2015-08-01 20:34:48,031 - DEBUG - Skipping header: # The format of the input in the config file should be:
2015-08-01 20:34:48,031 - DEBUG - Skipping header: # linelist teff_initial logg_initial Fe/H_initial vmic_initial
2015-08-01 20:34:48,031 - DEBUG - Skipping header: # linelist - name of the linelist file in moog format
2015-08-01 20:34:48,031 - DEBUG - Skipping header: # teff_initial - initial estimate of teff
2015-08-01 20:34:48,032 - DEBUG - Skipping header: # logg_initial - same for logg
2015-08-01 20:34:48,032 - DEBUG - Skipping header: # Fe/H_initial - same for Fe/H
2015-08-01 20:34:48,032 - DEBUG - Skipping header: # vmic_initial - same for vmic
2015-08-01 20:34:48,032 - DEBUG - Skipping header: # OR
2015-08-01 20:34:48,032 - DEBUG - Skipping header: # linelist spectral_type
2015-08-01 20:34:48,032 - DEBUG - Skipping header: # spectral_type - spectral type of the star (e.g. O5V)
2015-08-01 20:34:48,032 - DEBUG - Skipping header: # OR
2015-08-01 20:34:48,032 - DEBUG - Skipping header: # linelist teff_initial logg_initial Fe/H_initial vmic_initial fixed_parameter
2015-08-01 20:34:48,032 - DEBUG - Skipping header: # fixed_parameter - the parameter or parameters that should be fixed (e.g. teff,logg)
2015-08-01 20:34:48,032 - INFO - Line list: lines.sun.ares
2015-08-01 20:34:48,032 - INFO - Setting solar values 5777, 4.44, 0.0, 1.0
2015-08-01 20:34:48,033 - INFO - Getting initial model grid
2015-08-01 20:34:48,033 - INFO - Initial interpolation of model...
2015-08-01 20:34:48,062 - INFO - Interpolation successful.
2015-08-01 20:34:48,062 - INFO - Starting the minimization procedure...
2015-08-01 20:34:49,622 - INFO - Finished minimization procedure
2015-08-01 20:34:49,657 - INFO - Saved results to: results.csv
2015-08-01 20:34:49,657 - INFO - Line list: lines.sun.ares
2015-08-01 20:34:49,657 - INFO - Setting solar values 5777, 4.44, 0.0, 1.0
2015-08-01 20:34:49,657 - INFO - Getting initial model grid
2015-08-01 20:34:49,657 - INFO - Initial interpolation of model...
2015-08-01 20:34:49,681 - INFO - Interpolation successful.
2015-08-01 20:34:49,681 - INFO - Starting the minimization procedure...
2015-08-01 20:34:51,238 - INFO - Finished minimization procedure
2015-08-01 20:34:51,244 - INFO - Saved results to: results.csv
