ALL abundances NOT listed below differ from solar by  -0.13 dex
 HD119638.ares                                                                  
          Teff= 6105          log g= 4.48             vt= 1.29 M/H=-0.13        

Abundance Results for Species Fe I         (input abundance =   7.34)
wavelength        EP     logGF        EW     logRW     abund     del avg
   4523.40      3.65    -1.871      28.7     -5.20      7.33       -0.01
   4537.67      3.27    -2.870       9.2     -5.69      7.36        0.02
   4551.65      3.94    -1.928      16.1     -5.45      7.30       -0.04
   4556.93      3.25    -2.644      14.6     -5.49      7.35        0.01
   4566.52      3.30    -2.156      30.1     -5.18      7.32       -0.01
   4574.22      3.21    -2.353      25.3     -5.26      7.33       -0.01
   4593.53      3.94    -1.921      16.9     -5.43      7.32       -0.02
   4596.41      3.65    -2.090      19.3     -5.38      7.30       -0.04
   4602.00      1.61    -3.163      57.1     -4.91      7.34       -0.00
   4630.12      2.28    -2.488      58.9     -4.90      7.32       -0.02
   4631.49      4.55    -1.890       5.9     -5.89      7.31       -0.03
   4661.54      4.56    -1.186      24.3     -5.28      7.33       -0.01
   4690.14      3.69    -1.550      43.7     -5.03      7.33       -0.01
   4802.88      3.69    -1.527      47.1     -5.01      7.37        0.03
   4808.15      3.25    -2.630      15.4     -5.49      7.35        0.01
   4809.94      3.57    -2.542      10.3     -5.67      7.34        0.00
   4811.05      3.07    -3.182       7.7     -5.80      7.39        0.05
   4885.43      3.88    -1.136      58.2     -4.92      7.35        0.01
   4961.92      3.63    -2.301      15.1     -5.52      7.34        0.00
   5127.36      0.92    -3.317      80.7     -4.80      7.30       -0.04
   5223.19      3.63    -2.252      17.4     -5.48      7.36        0.02
   5228.38      4.22    -1.095      42.0     -5.10      7.29       -0.05
   5242.50      3.63    -1.124      73.2     -4.86      7.37        0.03
   5243.78      4.26    -1.022      47.6     -5.04      7.35        0.01
   5247.06      0.09    -4.941      46.2     -5.06      7.38        0.04
   5294.55      3.64    -2.627       8.0     -5.82      7.34        0.01
   5295.32      4.42    -1.518      18.6     -5.45      7.36        0.03
   5376.83      4.29    -2.040       7.5     -5.86      7.31       -0.03
   5379.58      3.69    -1.552      46.4     -5.06      7.35        0.01
   5386.34      4.15    -1.709      20.4     -5.42      7.36        0.02
   5389.48      4.42    -0.534      69.8     -4.89      7.37        0.03
   5398.28      4.45    -0.684      58.4     -4.97      7.35        0.01
   5409.14      4.37    -1.051      40.2     -5.13      7.33       -0.01
   5436.30      4.39    -1.319      26.2     -5.32      7.33       -0.01
   5464.28      4.14    -1.595      24.8     -5.34      7.35        0.01
   5466.99      3.65    -2.141      21.9     -5.40      7.38        0.04
   5473.17      4.19    -1.986      10.4     -5.72      7.32       -0.02
   5522.45      4.21    -1.419      29.3     -5.28      7.34       -0.00
   5543.94      4.22    -1.070      47.4     -5.07      7.34        0.01
   5546.51      4.37    -1.124      37.1     -5.17      7.34       -0.00
   5560.22      4.43    -1.064      37.8     -5.17      7.35        0.01
   5584.77      3.57    -2.189      22.1     -5.40      7.35        0.01
   5618.64      4.21    -1.298      36.2     -5.19      7.35        0.02
   5619.60      4.39    -1.435      20.7     -5.43      7.30       -0.04
   5633.95      4.99    -0.385      52.8     -5.03      7.38        0.05
   5636.70      3.64    -2.511      10.3     -5.74      7.33       -0.01
   5638.27      4.22    -0.809      62.5     -4.96      7.34        0.01
   5649.99      5.10    -0.785      24.3     -5.37      7.36        0.02
   5651.47      4.47    -1.763      10.6     -5.73      7.35        0.01
   5653.87      4.39    -1.402      25.4     -5.35      7.39        0.05
   5679.03      4.65    -0.756      44.6     -5.10      7.34        0.00
   5680.24      4.19    -2.330       5.3     -6.03      7.33       -0.00
   5715.09      4.28    -0.847      54.2     -5.02      7.29       -0.05
   5738.24      4.22    -2.164       7.0     -5.91      7.32       -0.02
   5775.08      4.22    -1.124      44.1     -5.12      7.33       -0.01
   5793.92      4.22    -1.622      21.8     -5.42      7.36        0.02
   5811.92      4.14    -2.333       5.8     -6.00      7.33       -0.01
   5814.81      4.28    -1.820      12.8     -5.66      7.32       -0.01
   5815.22      4.15    -2.364       5.0     -6.07      7.30       -0.04
   5855.08      4.61    -1.531      13.5     -5.64      7.36        0.02
   5862.36      4.55    -0.404      71.0     -4.92      7.34        0.00
   5902.48      4.59    -1.797       8.0     -5.87      7.35        0.01
   5927.79      4.65    -1.057      29.2     -5.31      7.34        0.00
   5929.68      4.55    -1.211      26.3     -5.35      7.34        0.01
   5930.19      4.65    -0.326      72.4     -4.91      7.36        0.02
   5934.66      3.93    -1.091      58.3     -5.01      7.29       -0.05
   5956.70      0.86    -4.526      29.3     -5.31      7.30       -0.03
   5983.69      4.55    -0.719      49.7     -5.08      7.31       -0.03
   5987.07      4.79    -0.478      54.8     -5.04      7.35        0.01
   6005.55      2.59    -3.479      11.3     -5.73      7.36        0.02
   6024.06      4.55    -0.124      90.3     -4.82      7.34        0.00
   6056.01      4.73    -0.489      57.8     -5.02      7.36        0.02
   6078.49      4.79    -0.364      60.8     -5.00      7.33       -0.01
   6079.01      4.65    -1.008      31.9     -5.28      7.35        0.01
   6089.57      4.58    -1.273      22.1     -5.44      7.33       -0.01
   6094.38      4.65    -1.566      11.1     -5.74      7.32       -0.02
   6096.67      3.98    -1.776      22.8     -5.43      7.31       -0.03
   6127.91      4.14    -1.417      34.8     -5.25      7.36        0.02
   6151.62      2.18    -3.298      31.1     -5.30      7.35        0.01
   6157.73      4.08    -1.238      47.7     -5.11      7.37        0.03
   6159.38      4.61    -1.878       7.3     -5.93      7.39        0.05
   6173.34      2.22    -2.877      50.8     -5.08      7.35        0.02
   6200.32      2.61    -2.397      55.5     -5.05      7.33       -0.01
   6219.29      2.20    -2.463      72.4     -4.93      7.33       -0.01
   6226.74      3.88    -2.069      17.2     -5.56      7.34        0.01
   6232.65      3.65    -1.240      65.5     -4.98      7.31       -0.03
   6240.65      2.22    -3.292      30.3     -5.31      7.36        0.03
   6270.23      2.86    -2.573      34.4     -5.26      7.33       -0.01
   6315.81      4.08    -1.645      27.1     -5.37      7.36        0.02
   6322.69      2.59    -2.368      58.1     -5.04      7.32       -0.02
   6335.34      2.20    -2.339      80.1     -4.90      7.35        0.01
   6392.54      2.28    -3.942       7.9     -5.91      7.34       -0.00
   6481.88      2.28    -2.929      46.6     -5.14      7.36        0.03
   6593.88      2.43    -2.384      65.4     -5.00      7.30       -0.03
   6609.12      2.56    -2.632      46.7     -5.15      7.32       -0.02
   6627.55      4.55    -1.475      16.4     -5.61      7.32       -0.02
   6646.94      2.61    -3.915       4.4     -6.18      7.33       -0.01
   6699.15      4.59    -2.106       4.2     -6.20      7.32       -0.01
   6705.11      4.61    -1.057      31.2     -5.33      7.32       -0.02
   6710.32      1.49    -4.810       6.3     -6.03      7.34       -0.00
   6713.74      4.79    -1.425      12.7     -5.72      7.35        0.01
   6725.36      4.10    -2.187       9.6     -5.85      7.34        0.00
   6726.67      4.61    -1.045      32.4     -5.32      7.33       -0.01
   6732.07      4.58    -2.144       4.1     -6.22      7.34        0.00
   6739.52      1.56    -4.902       4.8     -6.15      7.37        0.03
   6839.84      2.56    -3.377      14.5     -5.67      7.31       -0.03
   6842.69      4.64    -1.169      24.6     -5.44      7.31       -0.03
   6855.72      4.61    -1.674      11.2     -5.79      7.37        0.03
   6857.25      4.08    -2.075      12.4     -5.74      7.33       -0.00
   6858.15      4.61    -0.972      37.1     -5.27      7.35        0.01
   6861.94      2.42    -3.795       8.5     -5.91      7.33       -0.01
average abundance =  7.34     std. deviation =  0.02     #lines = 111
E.P. correlation:  slope =   0.001  intercept =   7.336  corr. coeff. =   0.030
R.W. correlation:  slope =   0.001  intercept =   7.342  corr. coeff. =   0.010
wav. correl.:  slope =  -2.263D-07  intercept =   7.340  corr. coeff. =  -0.007

Abundance Results for Species Fe II        (input abundance =   7.34)
wavelength        EP     logGF        EW     logRW     abund     del avg
   4508.28      2.86    -2.403      87.2     -4.71      7.29       -0.05
   4520.22      2.81    -2.563      80.9     -4.75      7.26       -0.08
   4576.34      2.84    -2.947      65.6     -4.84      7.31       -0.03
   4656.98      2.89    -3.676      37.1     -5.10      7.45        0.11
   4923.93      2.89    -1.541     150.5     -4.51      7.35        0.01
   5197.57      3.23    -2.293      84.4     -4.79      7.36        0.02
   5234.63      3.22    -2.235      85.8     -4.79      7.32       -0.02
   5264.81      3.23    -3.091      47.1     -5.05      7.35        0.01
   5414.07      3.22    -3.568      26.8     -5.31      7.36        0.02
   5991.38      3.15    -3.539      31.0     -5.29      7.35        0.01
   6149.25      3.89    -2.719      38.0     -5.21      7.35        0.01
   6247.56      3.89    -2.347      56.2     -5.05      7.35        0.02
   6442.97      5.55    -2.399       4.2     -6.19      7.25       -0.09
   6456.39      3.90    -2.110      67.0     -4.98      7.33       -0.01
   6516.09      2.89    -3.279      60.3     -5.03      7.42        0.08
average abundance =  7.34     std. deviation =  0.05     #lines =  15
E.P. correlation:  slope =  -0.029  intercept =   7.437  corr. coeff. =  -0.394
R.W. correlation:  slope =   0.023  intercept =   7.454  corr. coeff. =   0.166
wav. correl.:  slope =   8.476D-06  intercept =   7.293  corr. coeff. =   0.121
