ALL abundances NOT listed below differ from solar by  -0.20 dex
 HD142709.ares                                                                  
Teff=4567   log g=4.22   [Fe/H]=-0.30    vt=3.945e-01 vt= 0.39 M/H=-0.20        

Abundance Results for Species Fe I         (input abundance =   7.27)
wavelength        EP     logGF        EW     logRW     abund     del avg
   4523.40      3.65    -1.871      53.4     -4.93      7.11       -0.06
   4537.67      3.27    -2.870      32.3     -5.15      7.25        0.08
   4551.65      3.94    -1.928      31.5     -5.16      7.03       -0.14
   4556.93      3.25    -2.644      32.2     -5.15      7.00       -0.17
   4566.52      3.30    -2.156      53.7     -4.93      7.03       -0.14
   4574.22      3.21    -2.353      53.5     -4.93      7.13       -0.04
   4593.53      3.94    -1.921      31.9     -5.16      7.04       -0.13
   4596.41      3.65    -2.090      39.0     -5.07      7.04       -0.13
   4602.00      1.61    -3.163     104.1     -4.65      7.08       -0.09
   4630.12      2.28    -2.488     113.5     -4.61      7.20        0.03
   4631.49      4.55    -1.890      12.6     -5.57      7.13       -0.04
   4661.54      4.56    -1.186      42.6     -5.04      7.14       -0.03
   4690.14      3.69    -1.550      62.3     -4.88      6.97       -0.20
   4802.88      3.69    -1.527      62.5     -4.89      6.96       -0.21
   4808.15      3.25    -2.630      37.7     -5.11      7.11       -0.06
   4809.94      3.57    -2.542      33.2     -5.16      7.28        0.11
   4811.05      3.07    -3.182      42.9     -5.05      7.57        0.40
   4885.43      3.88    -1.136      79.7     -4.79      7.01       -0.16
   4961.92      3.63    -2.301      49.4     -5.00      7.44        0.27
   5223.19      3.63    -2.252      50.1     -5.02      7.40        0.23
   5228.38      4.22    -1.095      60.1     -4.94      7.03       -0.14
   5242.50      3.63    -1.124     118.6     -4.65      7.18        0.01
   5243.78      4.26    -1.022      62.9     -4.92      7.03       -0.14
   5247.06      0.09    -4.941     109.8     -4.68      7.18        0.01
   5294.55      3.64    -2.627      30.9     -5.23      7.38        0.21
   5295.32      4.42    -1.518      30.1     -5.25      7.12       -0.05
   5376.83      4.29    -2.040      19.8     -5.43      7.25        0.08
   5379.58      3.69    -1.552      67.4     -4.90      7.07       -0.10
   5386.34      4.15    -1.709      45.1     -5.08      7.32        0.15
   5389.48      4.42    -0.534      80.0     -4.83      6.93       -0.24
   5398.28      4.45    -0.684      75.9     -4.85      7.06       -0.11
   5432.95      4.45    -0.729      83.1     -4.82      7.20        0.03
   5436.30      4.39    -1.319      41.3     -5.12      7.12       -0.05
   5464.28      4.14    -1.595      35.0     -5.19      7.00       -0.17
   5466.99      3.65    -2.141      49.1     -5.05      7.29        0.12
   5473.17      4.19    -1.986      23.2     -5.37      7.17        0.00
   5522.45      4.21    -1.419      63.4     -4.94      7.40        0.23
   5543.94      4.22    -1.070      68.1     -4.91      7.13       -0.04
   5546.51      4.37    -1.124      40.2     -5.14      6.88       -0.29
   5560.22      4.43    -1.064      50.3     -5.04      7.06       -0.11
   5584.77      3.57    -2.189      32.0     -5.24      6.88       -0.29
   5618.64      4.21    -1.298      52.4     -5.03      7.11       -0.06
   5619.60      4.39    -1.435      50.6     -5.05      7.40        0.23
   5633.95      4.99    -0.385      59.2     -4.98      7.05       -0.12
   5636.70      3.64    -2.511      22.1     -5.41      7.04       -0.13
   5638.27      4.22    -0.809      90.3     -4.80      7.15       -0.02
   5649.99      5.10    -0.785      24.5     -5.36      6.99       -0.18
   5651.47      4.47    -1.763      22.5     -5.40      7.25        0.08
   5653.87      4.39    -1.402      38.6     -5.17      7.15       -0.02
   5679.03      4.65    -0.756      62.5     -4.96      7.15       -0.02
   5680.24      4.19    -2.330      16.2     -5.54      7.31        0.14
   5715.09      4.28    -0.847      89.0     -4.81      7.24        0.07
   5720.90      4.55    -1.805      13.2     -5.64      7.08       -0.09
   5738.24      4.22    -2.164      15.9     -5.56      7.16       -0.01
   5775.08      4.22    -1.124      62.4     -4.97      7.11       -0.06
   5793.92      4.22    -1.622      35.4     -5.21      7.12       -0.05
   5811.92      4.14    -2.333      12.6     -5.66      7.12       -0.05
   5814.81      4.28    -1.820      27.5     -5.33      7.22        0.05
   5815.22      4.15    -2.364      13.9     -5.62      7.22        0.05
   5853.15      1.49    -5.130      27.1     -5.33      7.20        0.03
   5855.08      4.61    -1.531      21.5     -5.44      7.14       -0.03
   5862.36      4.55    -0.404     107.6     -4.74      7.23        0.06
   5902.48      4.59    -1.797      17.0     -5.54      7.26        0.09
   5905.68      4.65    -0.775      56.3     -5.02      7.10       -0.07
   5927.79      4.65    -1.057      44.9     -5.12      7.20        0.03
   5929.68      4.55    -1.211      40.5     -5.17      7.17       -0.00
   5930.19      4.65    -0.326     114.6     -4.71      7.30        0.13
   5934.66      3.93    -1.091      71.4     -4.92      6.91       -0.26
   5956.70      0.86    -4.526      89.9     -4.82      7.24        0.07
   5983.69      4.55    -0.719      78.7     -4.88      7.25        0.08
   5987.07      4.79    -0.478     108.8     -4.74      7.53        0.36
   6005.55      2.59    -3.479      43.7     -5.14      7.28        0.11
   6056.01      4.73    -0.489      72.9     -4.92      7.12       -0.05
   6078.49      4.79    -0.364      83.1     -4.86      7.17       -0.00
   6079.01      4.65    -1.008      42.8     -5.15      7.12       -0.05
   6089.57      4.58    -1.273      40.2     -5.18      7.27        0.10
   6094.38      4.65    -1.566      17.6     -5.54      7.11       -0.06
   6096.67      3.98    -1.776      53.9     -5.05      7.37        0.20
   6120.25      0.92    -5.894      20.6     -5.47      7.06       -0.12
   6127.91      4.14    -1.417      45.5     -5.13      7.03       -0.14
   6151.62      2.18    -3.298      70.4     -4.94      7.18        0.01
   6157.73      4.08    -1.238      63.8     -4.98      7.10       -0.07
   6159.38      4.61    -1.878      19.0     -5.51      7.42        0.25
   6173.34      2.22    -2.877     107.3     -4.76      7.34        0.17
   6200.32      2.61    -2.397      94.1     -4.82      7.13       -0.04
   6219.29      2.20    -2.463     139.2     -4.65      7.21        0.04
   6226.74      3.88    -2.069      33.9     -5.26      7.16       -0.02
   6232.65      3.65    -1.240     141.1     -4.65      7.50        0.33
   6240.65      2.22    -3.292      69.1     -4.96      7.19        0.02
   6270.23      2.86    -2.573      76.5     -4.91      7.32        0.15
   6315.81      4.08    -1.645      42.6     -5.17      7.14       -0.03
   6322.69      2.59    -2.368     117.5     -4.73      7.33        0.16
   6358.68      0.86    -3.907     118.0     -4.73      6.97       -0.20
   6392.54      2.28    -3.942      33.3     -5.28      7.12       -0.05
   6481.88      2.28    -2.929      75.7     -4.93      7.00       -0.17
   6593.88      2.43    -2.384     109.4     -4.78      7.08       -0.09
   6609.12      2.56    -2.632      97.3     -4.83      7.32        0.15
   6627.55      4.55    -1.475      25.2     -5.42      7.12       -0.05
   6646.94      2.61    -3.915      19.7     -5.53      7.12       -0.05
   6699.15      4.59    -2.106       9.6     -5.84      7.27        0.10
   6705.11      4.61    -1.057      45.3     -5.17      7.18        0.01
   6710.32      1.49    -4.810      39.6     -5.23      7.14       -0.03
   6713.74      4.79    -1.425      14.5     -5.67      7.02       -0.15
   6725.36      4.10    -2.187      18.1     -5.57      7.11       -0.06
   6726.67      4.61    -1.045      41.3     -5.21      7.09       -0.08
   6732.07      4.58    -2.144       9.3     -5.86      7.28        0.11
   6739.52      1.56    -4.902      32.0     -5.32      7.14       -0.03
   6745.97      4.08    -2.657      12.7     -5.73      7.37        0.20
   6839.84      2.56    -3.377      49.6     -5.14      7.24        0.07
   6842.69      4.64    -1.169      34.8     -5.29      7.12       -0.05
   6855.72      4.61    -1.674      26.3     -5.42      7.41        0.24
   6857.25      4.08    -2.075      25.4     -5.43      7.18        0.01
   6858.15      4.61    -0.972      50.1     -5.14      7.17       -0.00
   6861.94      2.42    -3.795      45.8     -5.18      7.40        0.23
   6864.32      4.56    -2.229       6.6     -6.02      7.17       -0.00
average abundance =  7.17     std. deviation =  0.14     #lines = 115
E.P. correlation:  slope =  -0.002  intercept =   7.178  corr. coeff. =  -0.015
R.W. correlation:  slope =  -0.001  intercept =   7.163  corr. coeff. =  -0.003
wav. correl.:  slope =   3.688D-05  intercept =   6.957  corr. coeff. =   0.181

Abundance Results for Species Fe II        (input abundance =   7.27)
wavelength        EP     logGF        EW     logRW     abund     del avg
   4508.28      2.86    -2.403      42.5     -5.03      7.09       -0.09
   4520.22      2.81    -2.563      57.2     -4.90      7.54        0.36
   4576.34      2.84    -2.947      20.0     -5.36      6.89       -0.29
   4656.98      2.89    -3.676       5.1     -5.96      6.82       -0.36
   4923.93      2.89    -1.541      85.8     -4.76      7.12       -0.06
   5197.57      3.23    -2.293      37.4     -5.14      7.30        0.12
   5234.63      3.22    -2.235      23.7     -5.34      6.80       -0.37
   5264.81      3.23    -3.091       6.9     -5.88      6.82       -0.36
   5414.07      3.22    -3.568       3.4     -6.20      6.93       -0.25
   5425.25      3.20    -3.228      22.8     -5.38      7.76        0.58
   5991.38      3.15    -3.539       5.0     -6.08      7.07       -0.11
   6149.25      3.89    -2.719       7.4     -5.92      7.27        0.09
   6247.56      3.89    -2.347       7.8     -5.90      6.93       -0.25
   6416.93      3.89    -2.635      16.1     -5.60      7.72        0.54
   6456.39      3.90    -2.110      22.6     -5.46      7.48        0.30
   6516.09      2.89    -3.279      17.2     -5.58      7.32        0.14
average abundance =  7.18     std. deviation =  0.32     #lines =  16
 No statistics done for E.P. trends
R.W. correlation:  slope =   0.243  intercept =   8.523  corr. coeff. =   0.333
wav. correl.:  slope =   1.515D-04  intercept =   6.349  corr. coeff. =   0.349
