ALL abundances NOT listed below differ from solar by  -0.14 dex
 NGC4349No53.ares                                                               
          Teff= 4846          log g= 2.59             vt= 1.51 M/H=-0.14        

Abundance Results for Species Fe I         (input abundance =   7.33)
wavelength        EP     logGF        EW     logRW     abund     del avg
   4523.40      3.65    -1.871      73.7     -4.79      7.30       -0.03
   4537.67      3.27    -2.870      46.7     -4.99      7.32       -0.01
   4551.65      3.94    -1.928      50.7     -4.95      7.21       -0.12
   4556.93      3.25    -2.644      64.0     -4.85      7.40        0.07
   4566.52      3.30    -2.156      85.0     -4.73      7.43        0.10
   4574.22      3.21    -2.353      76.0     -4.78      7.31       -0.02
   4593.53      3.94    -1.921      60.3     -4.88      7.39        0.06
   4596.41      3.65    -2.090      61.8     -4.87      7.26       -0.07
   4602.00      1.61    -3.163     120.1     -4.58      7.28       -0.05
   4630.12      2.28    -2.488     126.2     -4.56      7.51        0.18
   4631.49      4.55    -1.890      24.5     -5.28      7.33       -0.00
   4661.54      4.56    -1.186      53.4     -4.94      7.21       -0.12
   4802.88      3.69    -1.527      90.7     -4.72      7.33        0.00
   4808.15      3.25    -2.630      63.4     -4.88      7.34        0.01
   4809.94      3.57    -2.542      46.2     -5.02      7.30       -0.03
   4811.05      3.07    -3.182      51.5     -4.97      7.46        0.13
   4885.43      3.88    -1.136      93.4     -4.72      7.20       -0.13
   4961.92      3.63    -2.301      61.3     -4.91      7.40        0.07
   5127.36      0.92    -3.317     163.1     -4.50      7.23       -0.10
   5141.74      2.42    -2.125     138.9     -4.57      7.38        0.06
   5223.19      3.63    -2.252      59.8     -4.94      7.30       -0.03
   5228.38      4.22    -1.095      83.2     -4.80      7.28       -0.05
   5242.50      3.63    -1.124     117.3     -4.65      7.33       -0.00
   5243.78      4.26    -1.022      87.6     -4.78      7.33        0.01
   5247.06      0.09    -4.941     147.1     -4.55      7.49        0.16
   5294.55      3.64    -2.627      41.4     -5.11      7.34        0.01
   5295.32      4.42    -1.518      52.4     -5.00      7.33        0.00
   5376.83      4.29    -2.040      30.9     -5.24      7.29       -0.04
   5379.58      3.69    -1.552      95.1     -4.75      7.35        0.03
   5386.34      4.15    -1.709      62.1     -4.94      7.38        0.05
   5389.48      4.42    -0.534     105.8     -4.71      7.36        0.04
   5398.28      4.45    -0.684      93.5     -4.76      7.31       -0.02
   5409.14      4.37    -1.051      89.4     -4.78      7.51        0.18
   5436.30      4.39    -1.319      55.8     -4.99      7.14       -0.19
   5464.28      4.14    -1.595      66.2     -4.92      7.33        0.00
   5466.99      3.65    -2.141      69.9     -4.89      7.37        0.05
   5473.17      4.19    -1.986      38.6     -5.15      7.27       -0.06
   5522.45      4.21    -1.419      77.5     -4.85      7.45        0.12
   5543.94      4.22    -1.070      85.0     -4.81      7.25       -0.08
   5546.51      4.37    -1.124      74.5     -4.87      7.27       -0.06
   5560.22      4.43    -1.064      73.2     -4.88      7.26       -0.07
   5584.77      3.57    -2.189      64.5     -4.94      7.21       -0.11
   5618.64      4.21    -1.298      73.7     -4.88      7.25       -0.08
   5619.60      4.39    -1.435      58.2     -4.98      7.30       -0.03
   5633.95      4.99    -0.385      76.3     -4.87      7.26       -0.07
   5636.70      3.64    -2.511      41.8     -5.13      7.21       -0.12
   5638.27      4.22    -0.809     104.4     -4.73      7.36        0.03
   5649.99      5.10    -0.785      53.8     -5.02      7.37        0.04
   5651.47      4.47    -1.763      35.7     -5.20      7.30       -0.03
   5653.87      4.39    -1.402      59.2     -4.98      7.28       -0.05
   5679.03      4.65    -0.756      76.9     -4.87      7.26       -0.07
   5680.24      4.19    -2.330      31.2     -5.26      7.46        0.13
   5715.09      4.28    -0.847     104.8     -4.74      7.47        0.14
   5720.90      4.55    -1.805      34.4     -5.22      7.40        0.08
   5738.24      4.22    -2.164      31.2     -5.26      7.32       -0.01
   5853.15      1.49    -5.130      45.1     -5.11      7.32       -0.01
   5855.08      4.61    -1.531      42.7     -5.14      7.35        0.02
   5862.36      4.55    -0.404     105.6     -4.74      7.32       -0.01
   5902.48      4.59    -1.797      30.2     -5.29      7.35        0.02
   5905.68      4.65    -0.775      80.9     -4.86      7.34        0.01
   5927.79      4.65    -1.057      61.7     -4.98      7.26       -0.07
   5929.68      4.55    -1.211      61.6     -4.98      7.30       -0.03
   5930.19      4.65    -0.326     107.4     -4.74      7.37        0.04
   5934.66      3.93    -1.091     103.4     -4.76      7.26       -0.07
   5956.70      0.86    -4.526     120.1     -4.70      7.26       -0.07
   5983.69      4.55    -0.719      89.7     -4.82      7.33        0.01
   5987.07      4.79    -0.478      93.8     -4.81      7.43        0.11
   6005.55      2.59    -3.479      66.1     -4.96      7.33        0.00
   6056.01      4.73    -0.489      91.2     -4.82      7.33        0.00
   6078.49      4.79    -0.364      91.6     -4.82      7.27       -0.06
   6079.01      4.65    -1.008      64.4     -4.97      7.26       -0.07
   6094.38      4.65    -1.566      39.4     -5.19      7.36        0.03
   6096.67      3.98    -1.776      67.6     -4.96      7.31       -0.02
   6120.25      0.92    -5.894      41.0     -5.17      7.30       -0.03
   6127.91      4.14    -1.417      75.7     -4.91      7.28       -0.05
   6151.62      2.18    -3.298      93.5     -4.82      7.13       -0.19
   6157.73      4.08    -1.238     104.0     -4.77      7.56        0.23
   6159.38      4.61    -1.878      31.5     -5.29      7.47        0.14
   6173.34      2.22    -2.877     113.3     -4.74      7.14       -0.18
   6200.32      2.61    -2.397     121.2     -4.71      7.30       -0.03
   6219.29      2.20    -2.463     146.7     -4.63      7.32       -0.01
   6226.74      3.88    -2.069      57.6     -5.03      7.29       -0.04
   6232.65      3.65    -1.240     116.9     -4.73      7.30       -0.03
   6240.65      2.22    -3.292     102.2     -4.79      7.34        0.01
   6270.23      2.86    -2.573      99.4     -4.80      7.34        0.02
   6315.81      4.08    -1.645      70.2     -4.95      7.32       -0.01
   6322.69      2.59    -2.368     125.8     -4.70      7.31       -0.02
   6335.34      2.20    -2.339     156.4     -4.61      7.33        0.00
   6358.68      0.86    -3.907     163.9     -4.59      7.35        0.02
   6392.54      2.28    -3.942      59.4     -5.03      7.28       -0.05
   6481.88      2.28    -2.929     124.1     -4.72      7.43        0.10
   6593.88      2.43    -2.384     142.9     -4.66      7.38        0.05
   6609.12      2.56    -2.632     120.8     -4.74      7.39        0.06
   6627.55      4.55    -1.475      48.1     -5.14      7.29       -0.04
   6646.94      2.61    -3.915      44.0     -5.18      7.37        0.04
   6699.15      4.59    -2.106      21.7     -5.49      7.43        0.10
   6705.11      4.61    -1.057      73.5     -4.96      7.39        0.06
   6713.74      4.79    -1.425      37.0     -5.26      7.31       -0.02
   6725.36      4.10    -2.187      39.5     -5.23      7.32       -0.01
   6726.67      4.61    -1.045      68.4     -4.99      7.28       -0.05
   6732.07      4.58    -2.144      17.7     -5.58      7.34        0.01
   6739.52      1.56    -4.902      57.9     -5.07      7.31       -0.02
   6839.84      2.56    -3.377      80.2     -4.93      7.37        0.04
   6842.69      4.64    -1.169      58.9     -5.07      7.27       -0.06
   6855.72      4.61    -1.674      46.3     -5.17      7.51        0.19
   6857.25      4.08    -2.075      45.8     -5.18      7.29       -0.04
   6858.15      4.61    -0.972      74.2     -4.97      7.30       -0.03
   6861.94      2.42    -3.795      66.5     -5.01      7.37        0.05
   6864.32      4.56    -2.229      16.3     -5.62      7.35        0.02
average abundance =  7.33     std. deviation =  0.08     #lines = 109
E.P. correlation:  slope =  -0.000  intercept =   7.330  corr. coeff. =  -0.005
R.W. correlation:  slope =  -0.000  intercept =   7.327  corr. coeff. =  -0.001
wav. correl.:  slope =   4.631D-06  intercept =   7.301  corr. coeff. =   0.040

Abundance Results for Species Fe II        (input abundance =   7.33)
wavelength        EP     logGF        EW     logRW     abund     del avg
   4508.28      2.86    -2.403      99.3     -4.66      7.10       -0.23
   4520.22      2.81    -2.563     111.1     -4.61      7.47        0.14
   4576.34      2.84    -2.947      89.8     -4.71      7.39        0.05
   4656.98      2.89    -3.676      53.1     -4.94      7.30       -0.03
   4731.47      2.89    -2.515     111.4     -4.63      7.49        0.16
   5197.57      3.23    -2.293     112.3     -4.67      7.60        0.27
   5234.63      3.22    -2.235     100.8     -4.72      7.28       -0.05
   5264.81      3.23    -3.091      60.8     -4.94      7.26       -0.07
   5414.07      3.22    -3.568      42.5     -5.11      7.32       -0.01
   5991.38      3.15    -3.539      51.1     -5.07      7.41        0.07
   6149.25      3.89    -2.719      45.2     -5.13      7.28       -0.05
   6247.56      3.89    -2.347      58.9     -5.03      7.21       -0.12
   6516.09      2.89    -3.279      69.0     -4.98      7.20       -0.13
average abundance =  7.33     std. deviation =  0.14     #lines =  13
 No statistics done for E.P. trends
R.W. correlation:  slope =   0.260  intercept =   8.593  corr. coeff. =   0.382
wav. correl.:  slope =  -5.249D-05  intercept =   7.610  corr. coeff. =  -0.277
