ALL abundances NOT listed below differ from solar by   0.40 dex
OH NO! ANOTHER FAILED ITERATION!
OH NO! ANOTHER FAILED ITERATION!
 NGC4349No53.ares                                                               
          Teff= 4706          log g= 0.00             vt= 2.48 M/H= 0.40        

Abundance Results for Species Fe I         (input abundance =   7.87)
wavelength        EP     logGF        EW     logRW     abund     del avg
   4523.40      3.65    -1.871      73.7     -4.79      6.94        0.03
   4537.67      3.27    -2.870      46.7     -4.99      7.13        0.22
   4551.65      3.94    -1.928      50.7     -4.95      7.03        0.12
   4556.93      3.25    -2.644      64.0     -4.85      7.11        0.20
   4566.52      3.30    -2.156      85.0     -4.73      6.94        0.03
   4574.22      3.21    -2.353      76.0     -4.78      6.92        0.01
   4593.53      3.94    -1.921      60.3     -4.88      7.15        0.24
   4596.41      3.65    -2.090      61.8     -4.87      7.00        0.09
   4602.00      1.61    -3.163     120.1     -4.58      6.32       -0.59
   4630.12      2.28    -2.488     126.2     -4.56      6.58       -0.33
   4631.49      4.55    -1.890      24.5     -5.28      7.26        0.35
   4661.54      4.56    -1.186      53.4     -4.94      7.04        0.12
   4802.88      3.69    -1.527      90.7     -4.72      6.82       -0.10
   4808.15      3.25    -2.630      63.4     -4.88      7.05        0.14
   4809.94      3.57    -2.542      46.2     -5.02      7.12        0.21
   4811.05      3.07    -3.182      51.5     -4.97      7.23        0.32
   4885.43      3.88    -1.136      93.4     -4.72      6.67       -0.24
   4961.92      3.63    -2.301      61.3     -4.91      7.13        0.22
   5127.36      0.92    -3.317     163.1     -4.50      6.00       -0.91
   5141.74      2.42    -2.125     138.9     -4.57      6.42       -0.49
   5223.19      3.63    -2.252      59.8     -4.94      7.03        0.12
   5228.38      4.22    -1.095      83.2     -4.80      6.86       -0.05
   5242.50      3.63    -1.124     117.3     -4.65      6.61       -0.30
   5243.78      4.26    -1.022      87.6     -4.78      6.89       -0.03
   5247.06      0.09    -4.941     147.1     -4.55      6.21       -0.70
   5294.55      3.64    -2.627      41.4     -5.11      7.17        0.26
   5295.32      4.42    -1.518      52.4     -5.00      7.13        0.22
   5376.83      4.29    -2.040      30.9     -5.24      7.17        0.26
   5379.58      3.69    -1.552      95.1     -4.75      6.81       -0.11
   5386.34      4.15    -1.709      62.1     -4.94      7.12        0.21
   5389.48      4.42    -0.534     105.8     -4.71      6.80       -0.11
   5398.28      4.45    -0.684      93.5     -4.76      6.83       -0.08
   5409.14      4.37    -1.051      89.4     -4.78      7.05        0.14
   5436.30      4.39    -1.319      55.8     -4.99      6.92        0.01
   5464.28      4.14    -1.595      66.2     -4.92      7.03        0.12
   5466.99      3.65    -2.141      69.9     -4.89      7.04        0.13
   5473.17      4.19    -1.986      38.6     -5.15      7.12        0.20
   5522.45      4.21    -1.419      77.5     -4.85      7.07        0.16
   5543.94      4.22    -1.070      85.0     -4.81      6.81       -0.10
   5546.51      4.37    -1.124      74.5     -4.87      6.92        0.01
   5560.22      4.43    -1.064      73.2     -4.88      6.92        0.01
   5584.77      3.57    -2.189      64.5     -4.94      6.91       -0.00
   5618.64      4.21    -1.298      73.7     -4.88      6.90       -0.02
   5619.60      4.39    -1.435      58.2     -4.98      7.05        0.14
   5633.95      4.99    -0.385      76.3     -4.87      6.93        0.02
   5636.70      3.64    -2.511      41.8     -5.13      7.02        0.11
   5638.27      4.22    -0.809     104.4     -4.73      6.78       -0.13
   5649.99      5.10    -0.785      53.8     -5.02      7.17        0.26
   5651.47      4.47    -1.763      35.7     -5.20      7.16        0.25
   5653.87      4.39    -1.402      59.2     -4.98      7.03        0.12
   5679.03      4.65    -0.756      76.9     -4.87      6.90       -0.01
   5680.24      4.19    -2.330      31.2     -5.26      7.32        0.41
   5715.09      4.28    -0.847     104.8     -4.74      6.89       -0.03
   5720.90      4.55    -1.805      34.4     -5.22      7.27        0.36
   5738.24      4.22    -2.164      31.2     -5.26      7.19        0.27
   5853.15      1.49    -5.130      45.1     -5.11      7.02        0.11
   5855.08      4.61    -1.531      42.7     -5.14      7.18        0.27
   5862.36      4.55    -0.404     105.6     -4.74      6.76       -0.15
   5902.48      4.59    -1.797      30.2     -5.29      7.22        0.31
   5905.68      4.65    -0.775      80.9     -4.86      6.96        0.05
   5927.79      4.65    -1.057      61.7     -4.98      7.00        0.09
   5929.68      4.55    -1.211      61.6     -4.98      7.03        0.12
   5930.19      4.65    -0.326     107.4     -4.74      6.81       -0.10
   5934.66      3.93    -1.091     103.4     -4.76      6.66       -0.25
   5956.70      0.86    -4.526     120.1     -4.70      6.35       -0.56
   5983.69      4.55    -0.719      89.7     -4.82      6.88       -0.03
   5987.07      4.79    -0.478      93.8     -4.81      6.97        0.06
   6005.55      2.59    -3.479      66.1     -4.96      6.98        0.07
   6056.01      4.73    -0.489      91.2     -4.82      6.87       -0.04
   6078.49      4.79    -0.364      91.6     -4.82      6.82       -0.09
   6079.01      4.65    -1.008      64.4     -4.97      6.97        0.06
   6094.38      4.65    -1.566      39.4     -5.19      7.20        0.29
   6096.67      3.98    -1.776      67.6     -4.96      6.98        0.07
   6120.25      0.92    -5.894      41.0     -5.17      6.97        0.05
   6127.91      4.14    -1.417      75.7     -4.91      6.91       -0.00
   6151.62      2.18    -3.298      93.5     -4.82      6.56       -0.36
   6157.73      4.08    -1.238     104.0     -4.77      6.97        0.06
   6159.38      4.61    -1.878      31.5     -5.29      7.34        0.42
   6173.34      2.22    -2.877     113.3     -4.74      6.39       -0.52
   6200.32      2.61    -2.397     121.2     -4.71      6.49       -0.42
   6219.29      2.20    -2.463     146.7     -4.63      6.32       -0.60
   6226.74      3.88    -2.069      57.6     -5.03      7.03        0.12
   6232.65      3.65    -1.240     116.9     -4.73      6.59       -0.32
   6240.65      2.22    -3.292     102.2     -4.79      6.68       -0.23
   6270.23      2.86    -2.573      99.4     -4.80      6.73       -0.18
   6315.81      4.08    -1.645      70.2     -4.95      6.98        0.07
   6322.69      2.59    -2.368     125.8     -4.70      6.46       -0.45
   6335.34      2.20    -2.339     156.4     -4.61      6.28       -0.63
   6358.68      0.86    -3.907     163.9     -4.59      6.11       -0.80
   6392.54      2.28    -3.942      59.4     -5.03      6.95        0.04
   6481.88      2.28    -2.929     124.1     -4.72      6.58       -0.33
   6593.88      2.43    -2.384     142.9     -4.66      6.42       -0.49
   6609.12      2.56    -2.632     120.8     -4.74      6.59       -0.32
   6627.55      4.55    -1.475      48.1     -5.14      7.08        0.17
   6646.94      2.61    -3.915      44.0     -5.18      7.12        0.21
   6699.15      4.59    -2.106      21.7     -5.49      7.30        0.39
   6705.11      4.61    -1.057      73.5     -4.96      7.03        0.12
   6713.74      4.79    -1.425      37.0     -5.26      7.14        0.23
   6725.36      4.10    -2.187      39.5     -5.23      7.13        0.22
   6726.67      4.61    -1.045      68.4     -4.99      6.95        0.04
   6732.07      4.58    -2.144      17.7     -5.58      7.23        0.32
   6739.52      1.56    -4.902      57.9     -5.07      6.94        0.03
   6839.84      2.56    -3.377      80.2     -4.93      6.90       -0.01
   6842.69      4.64    -1.169      58.9     -5.07      7.00        0.09
   6855.72      4.61    -1.674      46.3     -5.17      7.31        0.40
   6857.25      4.08    -2.075      45.8     -5.18      7.07        0.16
   6858.15      4.61    -0.972      74.2     -4.97      6.94        0.03
   6861.94      2.42    -3.795      66.5     -5.01      7.01        0.10
   6864.32      4.56    -2.229      16.3     -5.62      7.24        0.33
average abundance =  6.91     std. deviation =  0.28     #lines = 109
E.P. correlation:  slope =   0.168  intercept =   6.293  corr. coeff. =   0.664
R.W. correlation:  slope =  -1.026  intercept =   1.859  corr. coeff. =  -0.813
wav. correl.:  slope =  -6.945D-06  intercept =   6.951  corr. coeff. =  -0.017

Abundance Results for Species Fe II        (input abundance =   7.87)
wavelength        EP     logGF        EW     logRW     abund     del avg
   4508.28      2.86    -2.403      99.3     -4.66      5.60       -0.38
   4520.22      2.81    -2.563     111.1     -4.61      5.90       -0.08
   4576.34      2.84    -2.947      89.8     -4.71      5.95       -0.03
   4656.98      2.89    -3.676      53.1     -4.94      6.14        0.16
   4731.47      2.89    -2.515     111.4     -4.63      5.92       -0.06
   5197.57      3.23    -2.293     112.3     -4.67      6.04        0.06
   5234.63      3.22    -2.235     100.8     -4.72      5.78       -0.20
   5264.81      3.23    -3.091      60.8     -4.94      6.03        0.05
   5414.07      3.22    -3.568      42.5     -5.11      6.19        0.21
   5991.38      3.15    -3.539      51.1     -5.07      6.22        0.24
   6149.25      3.89    -2.719      45.2     -5.13      6.11        0.13
   6247.56      3.89    -2.347      58.9     -5.03      5.96       -0.02
   6516.09      2.89    -3.279      69.0     -4.98      5.91       -0.07
average abundance =  5.98     std. deviation =  0.17     #lines =  13
 No statistics done for E.P. trends
R.W. correlation:  slope =  -0.584  intercept =   3.145  corr. coeff. =  -0.676
wav. correl.:  slope =   8.324D-05  intercept =   5.539  corr. coeff. =   0.347
