ALL abundances NOT listed below differ from solar by  -0.20 dex
Wavelength	Ele	  excit	  log gf			 EW                                           
Teff=6081   log g=3.98   [Fe/H]=-0.17    vt=4.300e-01 vt= 0.43 M/H=-0.20        

Abundance Results for Species Fe I         (input abundance =   7.27)
wavelength        EP     logGF        EW     logRW     abund     del avg
  10065.05      4.83    -0.432      55.1     -5.26      7.26       -0.04
  10195.11      2.73    -3.625      10.7     -5.98      7.36        0.06
  10216.31      4.73    -0.148      86.8     -5.07      7.44        0.13
  10218.41      3.07    -2.898      17.6     -5.76      7.22       -0.09
  10340.89      2.20    -3.672      17.4     -5.77      7.16       -0.15
  10395.80      2.18    -3.461      33.6     -5.49      7.34        0.04
  10423.74      3.07    -3.121      12.7     -5.91      7.25       -0.06
  10469.65      3.88    -1.363      51.6     -5.31      7.23       -0.07
  10532.24      3.93    -1.703      26.8     -5.59      7.06       -0.24
  10753.00      3.96    -2.102      17.8     -5.78      7.22       -0.08
  10783.05      3.11    -2.805      23.2     -5.67      7.28       -0.02
  10818.28      3.96    -2.184      20.3     -5.73      7.37        0.07
  10863.52      4.73    -0.977      33.8     -5.51      7.20       -0.10
  10884.26      3.93    -2.113      18.6     -5.77      7.22       -0.09
  10896.30      3.07    -2.922      21.0     -5.72      7.29       -0.01
  11013.24      4.80    -1.346      11.3     -5.99      6.97       -0.33
  12053.08      4.56    -1.645      33.5     -5.56      7.59        0.29
  12119.50      4.59    -1.809      35.5     -5.53      7.82        0.52
  12213.34      4.64    -2.020      16.5     -5.87      7.60        0.29
  12227.11      4.61    -1.451      25.8     -5.68      7.26       -0.05
  12244.92      3.64    -3.221      12.5     -5.99      7.73        0.43
  12342.92      4.64    -1.574      19.4     -5.80      7.23       -0.07
  12557.00      2.28    -4.023      14.6     -5.93      7.31        0.01
  12638.70      4.56    -0.812      41.1     -5.49      6.85       -0.45
  12648.74      4.61    -1.574      18.1     -5.84      7.14       -0.17
  12840.57      4.96    -1.633      10.9     -6.07      7.23       -0.07
  12896.12      4.91    -1.785      12.4     -6.02      7.40        0.09
  15611.15      3.42    -2.980      31.4     -5.70      7.48        0.18
average abundance =  7.30     std. deviation =  0.21     #lines =  28
E.P. correlation:  slope =   0.000  intercept =   7.304  corr. coeff. =   0.000
R.W. correlation:  slope =   0.001  intercept =   7.308  corr. coeff. =   0.001
wav. correl.:  slope =   3.963D-05  intercept =   6.849  corr. coeff. =   0.241

Abundance Results for Species Fe II        (input abundance =   7.27)
wavelength        EP     logGF        EW     logRW     abund     del avg
  10427.31      6.08    -1.662       8.1     -6.11      6.93       -0.24
  10501.50      5.55    -1.926      16.8     -5.80      7.12       -0.04
  10862.64      5.59    -2.043      15.8     -5.84      7.21        0.04
  11125.58      5.62    -2.301      14.1     -5.90      7.40        0.24
average abundance =  7.17     std. deviation =  0.20     #lines =   4
 No statistics done for E.P. trends
 No statistics done for R.W. trends
wav. correl.:  slope =   5.690D-04  intercept =   1.061  corr. coeff. =   0.943
