ALL abundances NOT listed below differ from solar by   0.00 dex
#  linelist/sun_harps_ganymede.moog                                             
Teff= 5777   log g= 4.44                              vt= 1.00 M/H= 0.00        

Abundance Results for Species Ti I         (input abundance =   4.950)
wavelength         ID      EP   logGF     EWin   logRWin     abund   delavg
  4555.490   22.00000   0.850  -0.575    62.90    -4.860     4.962   -0.034
  4562.630   22.00000   0.020  -2.718    11.80    -5.587     5.010    0.014
  4645.190   22.00000   1.730  -0.666    23.20    -5.302     5.007    0.011
  4656.470   22.00000   0.000  -1.308    69.30    -4.827     4.996    0.000
  4675.110   22.00000   1.070  -0.939    39.10    -5.078     4.992   -0.003
  4722.610   22.00000   1.050  -1.433    18.70    -5.402     4.976   -0.019
  4820.410   22.00000   1.500  -0.429    43.90    -5.041     4.996    0.000
  4913.620   22.00000   1.870   0.068    51.60    -4.979     5.009    0.014
  4997.100   22.00000   0.000  -2.174    28.00    -5.252     4.894   -0.102
  5016.170   22.00000   0.850  -0.657    57.20    -4.943     4.845   -0.150
  5039.960   22.00000   0.020  -1.199    76.30    -4.820     5.009    0.013
  5064.060   22.00000   2.690  -0.471     6.30    -5.905     5.033    0.037
  5071.490   22.00000   1.460  -0.797    31.40    -5.208     5.038    0.042
  5113.440   22.00000   1.440  -0.861    27.50    -5.269     4.990   -0.006
  5145.470   22.00000   1.460  -0.622    37.30    -5.140     4.984   -0.011
  5219.700   22.00000   0.020  -2.254    29.70    -5.245     5.012    0.016
  5490.160   22.00000   1.460  -1.008    22.20    -5.393     4.998    0.003
  5503.900   22.00000   2.580  -0.218    13.00    -5.627     5.006    0.011
  5648.570   22.00000   2.490  -0.410    10.60    -5.727     5.003    0.007
  5662.160   22.00000   2.320  -0.123    23.80    -5.376     4.985   -0.011
  5739.480   22.00000   2.250  -0.781     8.40    -5.835     5.022    0.026
  5766.330   22.00000   3.290   0.326    10.10    -5.757     5.003    0.008
  5965.840   22.00000   1.880  -0.492    24.90    -5.379     4.937   -0.059
  5978.550   22.00000   1.870  -0.602    24.70    -5.384     5.030    0.034
  6064.630   22.00000   1.050  -1.941    10.30    -5.770     5.081    0.086
  6091.180   22.00000   2.270  -0.445    15.90    -5.583     5.007    0.011
  6126.220   22.00000   1.070  -1.416    23.00    -5.425     5.002    0.006
  6258.110   22.00000   1.440  -0.435    53.00    -5.072     5.015    0.020
  6261.100   22.00000   1.430  -0.491    49.80    -5.099     4.997    0.002
  6599.120   22.00000   0.900  -2.069    10.30    -5.807     5.029    0.033
average abundance =  4.996     std. deviation =  0.043     #lines =  30
E.P. correlation:  slope =   0.011  intercept =   4.980  corr. coeff. =   0.230
R.W. correlation:  slope =  -0.056  intercept =   4.699  corr. coeff. =  -0.412
wav. correl.:  slope =   2.049D-05  intercept =   4.885  corr. coeff. =   0.285

Abundance Results for Species Ti II        (input abundance =   4.950)
wavelength         ID      EP   logGF     EWin   logRWin     abund   delavg
  4583.410   22.10000   1.160  -2.840    31.70    -5.160     4.983   -0.015
  4636.330   22.10000   1.160  -3.152    19.90    -5.367     4.988   -0.010
  4657.200   22.10000   1.240  -2.379    49.20    -4.976     4.985   -0.013
  4708.670   22.10000   1.240  -2.392    49.90    -4.975     5.014    0.016
  4911.200   22.10000   3.120  -0.537    52.70    -4.969     5.007    0.009
  5211.540   22.10000   2.590  -1.490    32.10    -5.210     4.977   -0.022
  5381.030   22.10000   1.570  -1.904    60.70    -4.948     5.032    0.034
  5418.770   22.10000   1.580  -2.104    49.80    -5.037     5.001    0.002
average abundance =  4.999     std. deviation =  0.019     #lines =   8
E.P. correlation:  slope =   0.000  intercept =   4.998  corr. coeff. =   0.012
 No statistics done for R.W. trends
wav. correl.:  slope =   2.190D-05  intercept =   4.890  corr. coeff. =   0.408
