WL         num       E.P.     loggf         ele     EWsun
-------    ----      ----     ------        ----    -----
6154.23    11.0      2.10     -1.536        NaI      36.6
6160.75    11.0      2.10     -1.245        NaI      54.3
4730.04    12.0      4.35     -2.259        MgI      69.6
5711.09    12.0      4.35     -1.741        MgI     105.6
6319.24    12.0      5.11     -2.342        MgI      25.2
6696.03    13.0      3.14     -1.569        AlI      36.2
6698.67    13.0      3.14     -1.893        AlI      21.1
5517.54    14.0      5.08     -2.501        SiI      12.9
5645.61    14.0      4.93     -2.058        SiI      35.8
5684.49    14.0      4.95     -1.603        SiI      61.2
5701.11    14.0      4.93     -2.022        SiI      37.7
5753.64    14.0      5.62     -1.304        SiI      45.7
5772.15    14.0      5.08     -1.639        SiI      52.0
5797.87    14.0      4.95     -1.893        SiI      43.9
5948.54    14.0      5.08     -1.128        SiI      85.4
6125.02    14.0      5.61     -1.537        SiI      31.7
6142.49    14.0      5.62     -1.501        SiI      33.1
6145.02    14.0      5.62     -1.399        SiI      38.8
6195.46    14.0      5.87     -1.662        SiI      17.1
6237.33    14.0      5.61     -1.059        SiI      61.1
6243.82    14.0      5.62     -1.297        SiI      44.8
6244.48    14.0      5.62     -1.274        SiI      46.2
6527.21    14.0      5.87     -1.197        SiI      38.9
6721.85    14.0      5.86     -1.114        SiI      44.0
6741.63    14.0      5.98     -1.615        SiI      15.5
5261.71    20.0      2.52     -0.559        CaI      97.7
5349.47    20.0      2.71     -0.531        CaI      94.6
5512.98    20.0      2.93     -0.513        CaI      84.8
5867.56    20.0      2.93     -1.603        CaI      25.1
6156.02    20.0      2.52     -2.519        CaI       9.6
6161.29    20.0      2.52     -1.366        CaI      60.6
6166.44    20.0      2.52     -1.220        CaI      69.9
6169.04    20.0      2.52     -0.900        CaI      92.2
6449.82    20.0      2.52     -0.634        CaI      98.1
6455.60    20.0      2.52     -1.376        CaI      56.3
6471.67    20.0      2.53     -0.736        CaI      91.2
6499.65    20.0      2.52     -0.838        CaI      85.8
4743.82    21.0      1.45      0.200        ScI       8.0
5520.50    21.0      1.87      0.473        ScI       6.6
5671.82    21.0      1.45      0.448        ScI      14.6
5526.82    21.1      1.77      0.063        Sc2      76.3
5657.88    21.1      1.51     -0.411        Sc2      66.9
5667.14    21.1      1.50     -1.128        Sc2      33.9
5684.19    21.1      1.51     -1.046        Sc2      37.2
6245.62    21.1      1.51     -1.121        Sc2      34.9
6320.84    21.1      1.50     -1.966        Sc2       8.1
4555.49    22.0      0.85     -0.586        TiI      63.7
4562.63    22.0      0.02     -2.721        TiI      10.9
4645.19    22.0      1.73     -0.671        TiI      22.0
4656.47    22.0      0.00     -1.317        TiI      68.6
4675.11    22.0      1.07     -0.947        TiI      38.1
4722.61    22.0      1.05     -1.435        TiI      18.7
4820.41    22.0      1.50     -0.430        TiI      43.1
4913.62    22.0      1.87      0.076        TiI      50.2
4997.10    22.0      0.00     -2.173        TiI      31.6
5016.17    22.0      0.85     -0.663        TiI      63.2
5039.96    22.0      0.02     -1.204        TiI      75.3
5064.06    22.0      2.69     -0.479        TiI       5.5
5071.49    22.0      1.46     -0.798        TiI      28.8
5113.44    22.0      1.44     -0.859        TiI      27.0
5145.47    22.0      1.46     -0.620        TiI      37.0
5219.70    22.0      0.02     -2.250        TiI      28.1
5490.16    22.0      1.46     -1.007        TiI      21.4
5503.90    22.0      2.58     -0.215        TiI      12.3
5648.57    22.0      2.49     -0.411        TiI      10.1
5662.16    22.0      2.32     -0.129        TiI      23.5
5739.48    22.0      2.25     -0.775        TiI       7.7
5766.33    22.0      3.29      0.331        TiI       9.6
5965.84    22.0      1.88     -0.481        TiI      26.7
5978.55    22.0      1.87     -0.594        TiI      22.6
6064.63    22.0      1.05     -1.933        TiI       8.3
6091.18    22.0      2.27     -0.438        TiI      15.0
6126.22    22.0      1.07     -1.407        TiI      22.1
6258.11    22.0      1.44     -0.431        TiI      51.5
6261.10    22.0      1.43     -0.479        TiI      49.2
6599.12    22.0      0.90     -2.056        TiI       9.3
4583.41    22.1      1.16     -2.864        Ti2      31.8
4636.33    22.1      1.16     -3.174        Ti2      19.8
4657.20    22.1      1.24     -2.396        Ti2      49.3
4708.67    22.1      1.24     -2.409        Ti2      48.9
4911.20    22.1      3.12     -0.538        Ti2      52.3
5211.54    22.1      2.59     -1.504        Ti2      32.8
5381.03    22.1      1.57     -1.905        Ti2      59.1
5418.77    22.1      1.58     -2.112        Ti2      49.5
5670.85    23.0      1.08     -0.448         VI      18.8
5727.05    23.0      1.08      0.019         VI      38.8
6039.73    23.0      1.06     -0.710         VI      12.4
6081.45    23.0      1.05     -0.656         VI      14.1
6090.21    23.0      1.08     -0.113         VI      33.5
6119.53    23.0      1.06     -0.414         VI      21.6
6243.11    23.0      0.30     -1.027         VI      27.8
6251.83    23.0      0.29     -1.391         VI      15.0
4575.11    24.0      3.37     -1.018        CrI      10.0
4626.18    24.0      0.97     -1.440        CrI      83.3
4633.25    24.0      3.13     -1.232        CrI      10.4
4700.61    24.0      2.71     -1.477        CrI      14.0
4708.02    24.0      3.17     -0.094        CrI      55.0
4730.72    24.0      3.08     -0.302        CrI      46.3
4767.86    24.0      3.56     -0.614        CrI      16.1
4801.03    24.0      3.12     -0.201        CrI      49.6
4936.34    24.0      3.11     -0.306        CrI      45.6
5122.12    24.0      1.03     -3.177        CrI      12.9
5214.14    24.0      3.37     -0.787        CrI      16.4
5238.97    24.0      2.71     -1.438        CrI      15.9
5247.57    24.0      0.96     -1.647        CrI      82.0
5287.18    24.0      3.44     -0.968        CrI      10.4
5348.33    24.0      1.00     -1.277        CrI     100.1
5480.51    24.0      3.45     -1.009        CrI       9.5
5781.18    24.0      3.32     -0.892        CrI      15.5
5783.07    24.0      3.32     -0.492        CrI      31.4
5787.92    24.0      3.32     -0.165        CrI      46.0
6882.52    24.0      3.44     -0.376        CrI      32.2
4588.20    24.1      4.07     -0.810        Cr2      68.5
4592.05    24.1      4.07     -1.299        Cr2      47.6
4884.61    24.1      3.86     -2.097        Cr2      23.4
4502.21    25.0      2.92     -0.560        MnI      57.0
4739.11    25.0      2.94     -0.493        MnI      60.1
4761.51    25.0      2.95     -0.136        MnI      75.2
5377.62    25.0      3.84     -0.127        MnI      40.8
6013.49    25.0      3.07      0.050        MnI      86.2
4594.63    27.0      3.63     -0.400        CoI      12.5
4792.86    27.0      3.25     -0.190        CoI      32.7
4813.48    27.0      3.22      0.077        CoI      45.9
5301.05    27.0      1.71     -2.065        CoI      19.5
5342.71    27.0      4.02      0.505        CoI      32.3
5352.05    27.0      3.58     -0.119        CoI      24.4
5359.20    27.0      4.15     -0.075        CoI       9.6
5647.24    27.0      2.28     -1.704        CoI      14.0
6814.95    27.0      1.96     -1.921        CoI      18.8
4512.99    28.0      3.71     -1.491        NiI      19.4
4811.99    28.0      3.66     -1.376        NiI      25.6
4814.60    28.0      3.60     -1.692        NiI      16.7
4913.98    28.0      3.74     -0.686        NiI      55.7
4946.04    28.0      3.80     -1.247        NiI      26.2
4952.29    28.0      3.61     -1.269        NiI      32.3
4976.33    28.0      1.68     -3.014        NiI      37.7
4995.66    28.0      3.63     -1.635        NiI      17.9
5010.94    28.0      3.63     -0.935        NiI      48.8
5081.11    28.0      3.85      0.037        NiI      93.5
5094.41    28.0      3.83     -1.128        NiI      30.3
5392.33    28.0      4.15     -1.371        NiI      12.0
5435.86    28.0      1.99     -2.436        NiI      51.7
5462.50    28.0      3.85     -0.904        NiI      41.0
5587.87    28.0      1.93     -2.479        NiI      52.9
5589.36    28.0      3.90     -1.167        NiI      26.7
5625.32    28.0      4.09     -0.746        NiI      37.8
5628.35    28.0      4.09     -1.325        NiI      14.7
5638.75    28.0      3.90     -1.717        NiI       9.8
5641.88    28.0      4.11     -1.034        NiI      24.1
5643.08    28.0      4.16     -1.250        NiI      15.1
5694.99    28.0      4.09     -0.641        NiI      43.1
5748.36    28.0      1.68     -3.290        NiI      28.0
5805.22    28.0      4.17     -0.619        NiI      40.8
5847.00    28.0      1.68     -3.420        NiI      23.0
5996.73    28.0      4.24     -1.023        NiI      20.3
6086.29    28.0      4.27     -0.483        NiI      43.5
6108.12    28.0      1.68     -2.514        NiI      65.0
6111.08    28.0      4.09     -0.840        NiI      34.2
6119.76    28.0      4.27     -1.329        NiI      10.9
6128.98    28.0      1.68     -3.375        NiI      25.3
6130.14    28.0      4.27     -0.950        NiI      22.1
6175.37    28.0      4.09     -0.554        NiI      49.0
6176.82    28.0      4.09     -0.292        NiI      63.7
6177.25    28.0      1.83     -3.545        NiI      14.6
6186.72    28.0      4.11     -0.903        NiI      30.5
6204.61    28.0      4.09     -1.124        NiI      22.0
6223.99    28.0      4.11     -0.968        NiI      27.7
6230.10    28.0      4.11     -1.147        NiI      20.6
6322.17    28.0      4.15     -1.176        NiI      18.4
6327.60    28.0      1.68     -3.089        NiI      38.6
6360.81    28.0      4.17     -1.145        NiI      18.5
6378.26    28.0      4.15     -0.844        NiI      31.8
6598.60    28.0      4.24     -0.924        NiI      24.9
6635.13    28.0      4.42     -0.785        NiI      23.6
6767.78    28.0      1.83     -2.086        NiI      79.2
6772.32    28.0      3.66     -0.997        NiI      49.2
6842.04    28.0      3.66     -1.510        NiI      24.2
