WL         num       E.P.     loggf         ele     EWsun
-------    ----      ----     ------        ----    -----
4523.40    26.0      3.65     -1.879        FeI      44.2
4537.67    26.0      3.27     -2.881        FeI      17.4
4551.65    26.0      3.94     -1.937        FeI      29.1
4556.93    26.0      3.25     -2.654        FeI      26.3
4566.52    26.0      3.30     -2.164        FeI      46.2
4574.22    26.0      3.21     -2.361        FeI      41.0
4593.53    26.0      3.94     -1.931        FeI      29.5
4596.41    26.0      3.65     -2.098        FeI      34.1
4602.00    26.0      1.61     -3.171        FeI      72.2
4630.12    26.0      2.28     -2.495        FeI      74.3
4631.49    26.0      4.55     -1.898        FeI      11.6
4661.54    26.0      4.56     -1.195        FeI      38.5
4690.14    26.0      3.69     -1.556        FeI      58.8
4802.88    26.0      3.69     -1.532        FeI      60.4
4808.15    26.0      3.25     -2.637        FeI      27.7
4809.94    26.0      3.57     -2.551        FeI      19.4
4811.05    26.0      3.07     -3.190        FeI      14.5
4885.43    26.0      3.88     -1.144        FeI      72.5
4961.92    26.0      3.63     -2.310        FeI      26.7
5127.36    26.0      0.92     -3.325        FeI      99.4
5141.74    26.0      2.42     -2.132        FeI      89.3
5223.19    26.0      3.63     -2.261        FeI      29.4
5228.38    26.0      4.22     -1.101        FeI      60.0
5242.50    26.0      3.63     -1.130        FeI      86.7
5243.78    26.0      4.26     -1.029        FeI      62.2
5247.06    26.0      0.09     -4.946        FeI      66.4
5294.55    26.0      3.64     -2.634        FeI      15.5
5295.32    26.0      4.42     -1.525        FeI      29.3
5376.83    26.0      4.29     -2.049        FeI      14.7
5379.58    26.0      3.69     -1.558        FeI      61.2
5386.34    26.0      4.15     -1.717        FeI      32.1
5389.48    26.0      4.42     -0.539        FeI      84.6
5398.28    26.0      4.45     -0.689        FeI      73.3
5409.14    26.0      4.37     -1.058        FeI      55.7
5432.95    26.0      4.45     -0.734        FeI      70.6
5436.30    26.0      4.39     -1.325        FeI      40.5
5464.28    26.0      4.14     -1.601        FeI      38.2
5466.99    26.0      3.65     -2.147        FeI      34.2
5473.17    26.0      4.19     -1.995        FeI      19.5
5522.45    26.0      4.21     -1.425        FeI      44.0
5543.94    26.0      4.22     -1.075        FeI      62.2
5546.51    26.0      4.37     -1.129        FeI      52.0
5560.22    26.0      4.43     -1.071        FeI      52.4
5584.77    26.0      3.57     -2.197        FeI      35.8
5618.64    26.0      4.21     -1.305        FeI      50.5
5619.60    26.0      4.39     -1.442        FeI      35.0
5633.95    26.0      4.99     -0.390        FeI      66.5
5636.70    26.0      3.64     -2.517        FeI      19.8
5638.27    26.0      4.22     -0.814        FeI      77.6
5649.99    26.0      5.10     -0.792        FeI      36.2
5651.47    26.0      4.47     -1.771        FeI      18.4
5653.87    26.0      4.39     -1.408        FeI      36.7
5679.03    26.0      4.65     -0.761        FeI      59.5
5680.24    26.0      4.19     -2.337        FeI      10.3
5715.09    26.0      4.28     -0.851        FeI      72.5
5720.90    26.0      4.55     -1.810        FeI      14.9
5738.24    26.0      4.22     -2.171        FeI      13.6
5775.08    26.0      4.22     -1.129        FeI      59.8
5793.92    26.0      4.22     -1.629        FeI      34.0
5811.92    26.0      4.14     -2.342        FeI      11.4
5814.81    26.0      4.28     -1.827        FeI      23.0
5815.22    26.0      4.15     -2.371        FeI      10.5
5853.15    26.0      1.49     -5.142        FeI       7.5
5855.08    26.0      4.61     -1.537        FeI      22.3
5862.36    26.0      4.55     -0.409        FeI      87.6
5902.48    26.0      4.59     -1.805        FeI      14.2
5905.68    26.0      4.65     -0.780        FeI      58.7
5927.79    26.0      4.65     -1.061        FeI      42.9
5929.68    26.0      4.55     -1.217        FeI      39.5
5930.19    26.0      4.65     -0.332        FeI      87.9
5934.66    26.0      3.93     -1.095        FeI      76.4
5956.70    26.0      0.86     -4.532        FeI      53.7
5983.69    26.0      4.55     -0.724        FeI      67.2
5987.07    26.0      4.79     -0.482        FeI      70.2
6005.55    26.0      2.59     -3.488        FeI      22.4
6024.06    26.0      4.55     -0.130        FeI     110.5
6056.01    26.0      4.73     -0.493        FeI      72.6
6078.49    26.0      4.79     -0.369        FeI      77.9
6079.01    26.0      4.65     -1.012        FeI      45.8
6089.57    26.0      4.58     -1.278        FeI      35.3
6094.38    26.0      4.65     -1.573        FeI      19.9
6096.67    26.0      3.98     -1.781        FeI      38.2
6120.25    26.0      0.92     -5.903        FeI       5.2
6127.91    26.0      4.14     -1.422        FeI      48.9
6151.62    26.0      2.18     -3.303        FeI      49.7
6157.73    26.0      4.08     -1.242        FeI      61.5
6159.38    26.0      4.61     -1.888        FeI      11.9
6173.34    26.0      2.22     -2.883        FeI      68.0
6200.32    26.0      2.61     -2.400        FeI      73.0
6219.29    26.0      2.20     -2.468        FeI      89.6
6226.74    26.0      3.88     -2.076        FeI      29.2
6232.65    26.0      3.65     -1.244        FeI      83.3
6240.65    26.0      2.22     -3.298        FeI      48.3
6270.23    26.0      2.86     -2.576        FeI      52.8
6315.81    26.0      4.08     -1.651        FeI      40.5
6322.69    26.0      2.59     -2.371        FeI      76.0
6335.34    26.0      2.20     -2.344        FeI      97.2
6358.68    26.0      0.86     -3.910        FeI      84.4
6392.54    26.0      2.28     -3.949        FeI      17.8
6481.88    26.0      2.28     -2.932        FeI      64.1
6593.88    26.0      2.43     -2.384        FeI      84.6
6609.12    26.0      2.56     -2.634        FeI      65.7
6627.55    26.0      4.55     -1.478        FeI      28.2
6646.94    26.0      2.61     -3.922        FeI      10.3
6699.15    26.0      4.59     -2.108        FeI       8.2
6705.11    26.0      4.61     -1.059        FeI      46.5
6710.32    26.0      1.49     -4.817        FeI      15.9
6713.74    26.0      4.79     -1.429        FeI      21.2
6725.36    26.0      4.10     -2.190        FeI      17.6
6726.67    26.0      4.61     -1.047        FeI      47.2
6732.07    26.0      4.58     -2.151        FeI       7.7
6739.52    26.0      1.56     -4.907        FeI      11.7
6745.97    26.0      4.08     -2.664        FeI       7.2
6839.84    26.0      2.56     -3.383        FeI      29.9
6842.69    26.0      4.64     -1.173        FeI      39.3
6855.72    26.0      4.61     -1.678        FeI      18.6
6857.25    26.0      4.08     -2.078        FeI      22.4
6858.15    26.0      4.61     -0.974        FeI      51.6
6861.94    26.0      2.42     -3.803        FeI      18.9
6864.32    26.0      4.56     -2.234        FeI       6.8
4508.28    26.1      2.86     -2.405       FeII      87.3
4520.22    26.1      2.81     -2.566       FeII      81.9
4576.34    26.1      2.84     -2.947       FeII      64.9
4656.98    26.1      2.89     -3.679       FeII      33.8
4731.47    26.1      2.89     -2.517       FeII      82.1
4923.93    26.1      2.89     -1.548       FeII     154.3
5197.57    26.1      3.23     -2.295       FeII      80.1
5234.63    26.1      3.22     -2.237       FeII      83.5
5264.81    26.1      3.23     -3.093       FeII      45.6
5337.75    26.1      3.23     -3.339       FeII      35.5
5414.07    26.1      3.22     -3.571       FeII      26.9
5991.38    26.1      3.15     -3.539       FeII      31.2
6149.25    26.1      3.89     -2.720       FeII      36.2
6247.56    26.1      3.89     -2.347       FeII      52.2
6442.97    26.1      5.55     -2.400       FeII       5.1
6456.39    26.1      3.90     -2.106       FeII      63.0
6516.09    26.1      2.89     -3.276       FeII      54.2
